2025-09-30 05:36:45 pid:78380 Workerman[example.php] start in DEBUG mode
2025-09-30 05:37:02 pid:78380 Workerman[example.php] received signal SIGINT
2025-09-30 05:37:02 pid:78380 Workerman[example.php] stopping
2025-09-30 05:37:02 pid:78380 Workerman[example.php] has been stopped
2025-09-30 05:46:23 pid:81149 Workerman[example.php] start in DEBUG mode
2025-09-30 05:51:08 pid:81149 Workerman[example.php] received signal SIGHUP
2025-09-30 05:51:08 pid:81149 Workerman[example.php] stopping
2025-09-30 05:51:08 pid:81149 Workerman[example.php] has been stopped
2025-09-30 05:51:16 pid:83307 Workerman[example.php] start in DEBUG mode
2025-09-30 05:51:37 pid:83307 Workerman[example.php] received signal SIGINT
2025-09-30 05:51:37 pid:83307 Workerman[example.php] stopping
2025-09-30 05:51:37 pid:83307 Workerman[example.php] has been stopped
2025-09-30 05:51:38 pid:83423 Workerman[example.php] start in DEBUG mode
2025-09-30 05:54:16 pid:83423 Workerman[example.php] received signal SIGINT
2025-09-30 05:54:16 pid:83423 Workerman[example.php] stopping
2025-09-30 05:54:16 pid:83423 Workerman[example.php] has been stopped
2025-09-30 05:54:18 pid:83990 Workerman[example.php] start in DEBUG mode
2025-09-30 05:54:39 pid:83990 Workerman[example.php] received signal SIGINT
2025-09-30 05:54:39 pid:83990 Workerman[example.php] stopping
2025-09-30 05:54:39 pid:83990 Workerman[example.php] has been stopped
2025-09-30 05:56:21 pid:84465 Workerman[example.php] start in DEBUG mode
2025-09-30 05:56:40 pid:84465 Workerman[example.php] received signal SIGINT
2025-09-30 05:56:40 pid:84465 Workerman[example.php] stopping
2025-09-30 05:56:40 pid:84465 Workerman[example.php] has been stopped
2025-09-30 05:56:41 pid:84572 Workerman[example.php] start in DEBUG mode
2025-09-30 05:58:42 pid:84572 Workerman[example.php] received signal SIGINT
2025-09-30 05:58:42 pid:84572 Workerman[example.php] stopping
2025-09-30 05:58:42 pid:84572 Workerman[example.php] has been stopped
2025-09-30 05:58:45 pid:85050 Workerman[example.php] start in DEBUG mode
2025-09-30 06:01:07 pid:85050 Workerman[example.php] received signal SIGINT
2025-09-30 06:01:07 pid:85050 Workerman[example.php] stopping
2025-09-30 06:01:07 pid:85050 Workerman[example.php] has been stopped
2025-09-30 06:01:08 pid:85604 Workerman[example.php] start in DEBUG mode
2025-09-30 06:02:43 pid:85604 Workerman[example.php] received signal SIGINT
2025-09-30 06:02:43 pid:85604 Workerman[example.php] stopping
2025-09-30 06:02:43 pid:85604 Workerman[example.php] has been stopped
2025-09-30 06:02:44 pid:85986 Workerman[example.php] start in DEBUG mode
2025-09-30 06:04:22 pid:85986 Workerman[example.php] received signal SIGINT
2025-09-30 06:04:22 pid:85986 Workerman[example.php] stopping
2025-09-30 06:04:22 pid:85986 Workerman[example.php] has been stopped
2025-09-30 06:05:04 pid:86553 Workerman[example.php] start in DEBUG mode
2025-09-30 06:05:30 pid:86553 Workerman[example.php] received signal SIGINT
2025-09-30 06:05:30 pid:86553 Workerman[example.php] stopping
2025-09-30 06:05:30 pid:86553 Workerman[example.php] has been stopped
2025-09-30 06:05:59 pid:86820 Workerman[example.php] start in DEBUG mode
2025-09-30 06:06:09 pid:86820 Workerman[example.php] received signal SIGINT
2025-09-30 06:06:09 pid:86820 Workerman[example.php] stopping
2025-09-30 06:06:09 pid:86820 Workerman[example.php] has been stopped
2025-09-30 06:07:01 pid:87149 Workerman[example.php] start in DEBUG mode
2025-09-30 06:07:43 pid:87149 Workerman[example.php] received signal SIGINT
2025-09-30 06:07:43 pid:87149 Workerman[example.php] stopping
2025-09-30 06:07:43 pid:87149 Workerman[example.php] has been stopped
2025-09-30 06:08:09 pid:87422 Workerman[example.php] start in DEBUG mode
2025-09-30 06:08:10 pid:87422 Workerman[example.php] received signal SIGINT
2025-09-30 06:08:10 pid:87422 Workerman[example.php] stopping
2025-09-30 06:08:10 pid:87422 Workerman[example.php] has been stopped
2025-09-30 06:10:24 pid:87911 Workerman[example.php] start in DEBUG mode
2025-09-30 06:10:30 pid:87911 Workerman[example.php] received signal SIGINT
2025-09-30 06:10:30 pid:87911 Workerman[example.php] stopping
2025-09-30 06:10:30 pid:87911 Workerman[example.php] has been stopped
2025-09-30 06:10:42 pid:88042 Workerman[example.php] start in DEBUG mode
2025-09-30 06:10:46 pid:88042 Workerman[example.php] received signal SIGINT
2025-09-30 06:10:46 pid:88042 Workerman[example.php] stopping
2025-09-30 06:10:46 pid:88042 Workerman[example.php] has been stopped
2025-09-30 06:11:25 pid:88286 Workerman[example.php] start in DEBUG mode
2025-09-30 06:11:27 pid:88287 Error: Value of type null is not callable in /Users/cclilshy/Dev/workerman-ripple/vendor/workerman/workerman/src/Connection/TcpConnection.php:777
Stack trace:
#0 /Users/cclilshy/Dev/workerman-ripple/src/Driver.php(147): Workerman\Connection\TcpConnection->baseRead(Resource id #56)
#1 [internal function]: Workerman\Ripple\Driver::Workerman\Ripple\{closure}()
#2 /Users/cclilshy/Dev/workerman-ripple/vendor/cloudtay/ripple-kernel/src/Runtime/FiberCoroutine.php(75): Fiber->start()
#3 /Users/cclilshy/Dev/workerman-ripple/vendor/cloudtay/ripple-kernel/src/Runtime/Scheduler.php(287): Ripple\Runtime\FiberCoroutine->start()
#4 /Users/cclilshy/Dev/workerman-ripple/vendor/cloudtay/ripple-kernel/src/Runtime/Scheduler.php(146): Ripple\Runtime\Scheduler::start(Object(Ripple\Runtime\FiberCoroutine))
#5 /Users/cclilshy/Dev/workerman-ripple/vendor/cloudtay/ripple-kernel/src/Coroutine.php(163): Ripple\Runtime\Scheduler::enqueue(Object(Ripple\Runtime\FiberCoroutine), true)
#6 /Users/cclilshy/Dev/workerman-ripple/vendor/cloudtay/ripple-kernel/src/Functions.php(28): Ripple\Coroutine::go(Object(Closure))
#7 /Users/cclilshy/Dev/workerman-ripple/src/Driver.php(147): Co\go(Object(Closure))
#8 /Users/cclilshy/Dev/workerman-ripple/vendor/cloudtay/ripple-kernel/src/Watch/ExtEvWatcher.php(102): Workerman\Ripple\Driver::Workerman\Ripple\{closure}(11, Resource id #56)
#9 [internal function]: Ripple\Watch\ExtEvWatcher::Ripple\Watch\{closure}(Object(EvIo))
#10 /Users/cclilshy/Dev/workerman-ripple/vendor/cloudtay/ripple-kernel/src/Watch/ExtEvWatcher.php(61): EvLoop->run(2)
#11 /Users/cclilshy/Dev/workerman-ripple/vendor/cloudtay/ripple-kernel/src/Runtime/Scheduler.php(106): Ripple\Watch\ExtEvWatcher->tick()
#12 /Users/cclilshy/Dev/workerman-ripple/vendor/cloudtay/ripple-kernel/src/Runtime.php(72): Ripple\Runtime\Scheduler::tick()
#13 /Users/cclilshy/Dev/workerman-ripple/vendor/cloudtay/ripple-kernel/src/Runtime/MainCoroutine.php(60): Ripple\Runtime::Ripple\{closure}()
#14 /Users/cclilshy/Dev/workerman-ripple/vendor/cloudtay/ripple-kernel/src/Runtime/Scheduler.php(287): Ripple\Runtime\MainCoroutine->start()
#15 /Users/cclilshy/Dev/workerman-ripple/vendor/cloudtay/ripple-kernel/src/Runtime/MainCoroutine.php(75): Ripple\Runtime\Scheduler::start(Object(Ripple\Runtime\MainCoroutine))
#16 /Users/cclilshy/Dev/workerman-ripple/vendor/cloudtay/ripple-kernel/src/Functions.php(75): Ripple\Runtime\MainCoroutine->suspend()
#17 /Users/cclilshy/Dev/workerman-ripple/src/Driver.php(78): Co\wait()
#18 /Users/cclilshy/Dev/workerman-ripple/vendor/workerman/workerman/src/Worker.php(1751): Workerman\Ripple\Driver->run()
#19 /Users/cclilshy/Dev/workerman-ripple/vendor/workerman/workerman/src/Worker.php(1546): Workerman\Worker::forkOneWorkerForLinux(Object(Workerman\Worker))
#20 /Users/cclilshy/Dev/workerman-ripple/vendor/workerman/workerman/src/Worker.php(1526): Workerman\Worker::forkWorkersForLinux()
#21 /Users/cclilshy/Dev/workerman-ripple/vendor/workerman/workerman/src/Worker.php(594): Workerman\Worker::forkWorkers()
#22 /Users/cclilshy/Dev/workerman-ripple/example/example.php(109): Workerman\Worker::runAll()
#23 {main}
2025-09-30 06:11:27 pid:88286 worker[RippleTestServer:88287] exit with status 64000
2025-09-30 06:11:29 pid:88286 Workerman[example.php] received signal SIGINT
2025-09-30 06:11:29 pid:88286 Workerman[example.php] stopping
2025-09-30 06:11:29 pid:88286 Workerman[example.php] has been stopped
2025-09-30 06:11:51 pid:88445 Workerman[example.php] start in DEBUG mode
2025-09-30 06:13:07 pid:88445 Workerman[example.php] received signal SIGINT
2025-09-30 06:13:07 pid:88445 Workerman[example.php] stopping
2025-09-30 06:13:07 pid:88445 Workerman[example.php] has been stopped
2025-09-30 06:13:08 pid:88733 Workerman[example.php] start in DEBUG mode
2025-09-30 06:15:29 pid:88733 Workerman[example.php] received signal SIGINT
2025-09-30 06:15:29 pid:88733 Workerman[example.php] stopping
2025-09-30 06:15:29 pid:88733 Workerman[example.php] has been stopped
2025-09-30 06:15:30 pid:89232 Workerman[example.php] start in DEBUG mode
2025-09-30 06:15:34 pid:89233 Error: Call to undefined method Workerman\Events\Fiber::getCurrent() in /Users/cclilshy/Dev/workerman-ripple/vendor/workerman/workerman/src/Connection/TcpConnection.php:778
Stack trace:
#0 /Users/cclilshy/Dev/workerman-ripple/src/Driver.php(147): Workerman\Connection\TcpConnection->baseRead(Resource id #56)
#1 [internal function]: Workerman\Ripple\Driver::Workerman\Ripple\{closure}()
#2 /Users/cclilshy/Dev/workerman-ripple/vendor/cloudtay/ripple-kernel/src/Runtime/FiberCoroutine.php(75): Fiber->start()
#3 /Users/cclilshy/Dev/workerman-ripple/vendor/cloudtay/ripple-kernel/src/Runtime/Scheduler.php(287): Ripple\Runtime\FiberCoroutine->start()
#4 /Users/cclilshy/Dev/workerman-ripple/vendor/cloudtay/ripple-kernel/src/Runtime/Scheduler.php(146): Ripple\Runtime\Scheduler::start(Object(Ripple\Runtime\FiberCoroutine))
#5 /Users/cclilshy/Dev/workerman-ripple/vendor/cloudtay/ripple-kernel/src/Coroutine.php(163): Ripple\Runtime\Scheduler::enqueue(Object(Ripple\Runtime\FiberCoroutine), true)
#6 /Users/cclilshy/Dev/workerman-ripple/vendor/cloudtay/ripple-kernel/src/Functions.php(28): Ripple\Coroutine::go(Object(Closure))
#7 /Users/cclilshy/Dev/workerman-ripple/src/Driver.php(147): Co\go(Object(Closure))
#8 /Users/cclilshy/Dev/workerman-ripple/vendor/cloudtay/ripple-kernel/src/Watch/ExtEvWatcher.php(102): Workerman\Ripple\Driver::Workerman\Ripple\{closure}(11, Resource id #56)
#9 [internal function]: Ripple\Watch\ExtEvWatcher::Ripple\Watch\{closure}(Object(EvIo))
#10 /Users/cclilshy/Dev/workerman-ripple/vendor/cloudtay/ripple-kernel/src/Watch/ExtEvWatcher.php(61): EvLoop->run(2)
#11 /Users/cclilshy/Dev/workerman-ripple/vendor/cloudtay/ripple-kernel/src/Runtime/Scheduler.php(106): Ripple\Watch\ExtEvWatcher->tick()
#12 /Users/cclilshy/Dev/workerman-ripple/vendor/cloudtay/ripple-kernel/src/Runtime.php(72): Ripple\Runtime\Scheduler::tick()
#13 /Users/cclilshy/Dev/workerman-ripple/vendor/cloudtay/ripple-kernel/src/Runtime/MainCoroutine.php(60): Ripple\Runtime::Ripple\{closure}()
#14 /Users/cclilshy/Dev/workerman-ripple/vendor/cloudtay/ripple-kernel/src/Runtime/Scheduler.php(287): Ripple\Runtime\MainCoroutine->start()
#15 /Users/cclilshy/Dev/workerman-ripple/vendor/cloudtay/ripple-kernel/src/Runtime/MainCoroutine.php(75): Ripple\Runtime\Scheduler::start(Object(Ripple\Runtime\MainCoroutine))
#16 /Users/cclilshy/Dev/workerman-ripple/vendor/cloudtay/ripple-kernel/src/Functions.php(75): Ripple\Runtime\MainCoroutine->suspend()
#17 /Users/cclilshy/Dev/workerman-ripple/src/Driver.php(78): Co\wait()
#18 /Users/cclilshy/Dev/workerman-ripple/vendor/workerman/workerman/src/Worker.php(1751): Workerman\Ripple\Driver->run()
#19 /Users/cclilshy/Dev/workerman-ripple/vendor/workerman/workerman/src/Worker.php(1546): Workerman\Worker::forkOneWorkerForLinux(Object(Workerman\Worker))
#20 /Users/cclilshy/Dev/workerman-ripple/vendor/workerman/workerman/src/Worker.php(1526): Workerman\Worker::forkWorkersForLinux()
#21 /Users/cclilshy/Dev/workerman-ripple/vendor/workerman/workerman/src/Worker.php(594): Workerman\Worker::forkWorkers()
#22 /Users/cclilshy/Dev/workerman-ripple/example/example.php(109): Workerman\Worker::runAll()
#23 {main}
2025-09-30 06:15:34 pid:89232 worker[RippleTestServer:89233] exit with status 64000
2025-09-30 06:15:38 pid:89232 Workerman[example.php] received signal SIGINT
2025-09-30 06:15:38 pid:89232 Workerman[example.php] stopping
2025-09-30 06:15:38 pid:89232 Workerman[example.php] has been stopped
2025-09-30 06:15:39 pid:89304 Workerman[example.php] start in DEBUG mode
2025-09-30 06:16:05 pid:89304 Workerman[example.php] received signal SIGINT
2025-09-30 06:16:05 pid:89304 Workerman[example.php] stopping
2025-09-30 06:16:05 pid:89304 Workerman[example.php] has been stopped
2025-09-30 06:18:34 pid:89952 Workerman[example.php] start in DEBUG mode
2025-09-30 06:18:45 pid:89952 Workerman[example.php] received signal SIGINT
2025-09-30 06:18:45 pid:89952 Workerman[example.php] stopping
2025-09-30 06:18:45 pid:89952 Workerman[example.php] has been stopped
2025-09-30 06:21:40 pid:90586 Workerman[example.php] start in DEBUG mode
2025-09-30 06:21:40 pid:90586 Workerman[example.php] received signal SIGINT
2025-09-30 06:21:40 pid:90586 Workerman[example.php] stopping
2025-09-30 06:21:40 pid:90586 Workerman[example.php] has been stopped
2025-09-30 07:02:55 pid:98667 Workerman[example.php] start in DEBUG mode
2025-09-30 07:03:12 pid:98667 Workerman[example.php] received signal SIGINT
2025-09-30 07:03:12 pid:98667 Workerman[example.php] stopping
2025-09-30 07:03:12 pid:98667 Workerman[example.php] has been stopped
2025-09-30 07:03:13 pid:98778 Workerman[example.php] start in DEBUG mode
2025-09-30 07:03:51 pid:98778 Workerman[example.php] received signal SIGINT
2025-09-30 07:03:51 pid:98778 Workerman[example.php] stopping
2025-09-30 07:03:51 pid:98778 Workerman[example.php] has been stopped
2025-09-30 07:03:52 pid:98973 Workerman[example.php] start in DEBUG mode
2025-09-30 07:04:46 pid:98973 Workerman[example.php] received signal SIGHUP
2025-09-30 07:04:46 pid:98973 Workerman[example.php] stopping
2025-09-30 07:04:46 pid:98973 Workerman[example.php] received signal SIGHUP
2025-09-30 07:04:46 pid:98973 Workerman[example.php] stopping
2025-09-30 07:04:46 pid:98973 worker[RippleTestServer:98974] exit with status 1
2025-09-30 07:04:46 pid:98973 Workerman[example.php] has been stopped
